<?xml version="1.0" encoding="UTF-8" standalone="no"?>
<!DOCTYPE log SYSTEM "logger.dtd">
<log>
<record>
  <date>2020-09-28T10:13:23.264-0300</date>
  <logger>VITOR ALVES CORREIA LIMA DE AQUINO</logger>
  <level>FINE</level>
  <message>File 116211457-VITOR ALVES CORREIA LIMA DE AQUINO.zip was received. It was sent by VITOR ALVES CORREIA LIMA DE AQUINO from IP 192.168.1.10 at 28-09-2020 10*13*23</message>
</record>
</log>
<?xml version="1.0" encoding="UTF-8" standalone="no"?>
<!DOCTYPE log SYSTEM "logger.dtd">
<log>
<record>
  <date>2020-10-04T14:31:10.177-0300</date>
  <logger>VITOR ALVES CORREIA LIMA DE AQUINO</logger>
  <level>FINE</level>
  <message>File 116211457-VITOR ALVES CORREIA LIMA DE AQUINO.zip was received. It was sent by VITOR ALVES CORREIA LIMA DE AQUINO from IP 192.168.1.10 at 04-10-2020 14*31*10</message>
</record>
</log>
<?xml version="1.0" encoding="UTF-8" standalone="no"?>
<!DOCTYPE log SYSTEM "logger.dtd">
<log>
<record>
  <date>2020-10-04T15:04:55.083-0300</date>
  <logger>VITOR ALVES CORREIA LIMA DE AQUINO</logger>
  <level>FINE</level>
  <message>File 116211457-VITOR ALVES CORREIA LIMA DE AQUINO.zip was received. It was sent by VITOR ALVES CORREIA LIMA DE AQUINO from IP 192.168.1.10 at 04-10-2020 15*04*55</message>
</record>
</log>
<?xml version="1.0" encoding="UTF-8" standalone="no"?>
<!DOCTYPE log SYSTEM "logger.dtd">
<log>
<record>
  <date>2020-10-04T16:29:41.339-0300</date>
  <logger>VITOR ALVES CORREIA LIMA DE AQUINO</logger>
  <level>FINE</level>
  <message>File 116211457-VITOR ALVES CORREIA LIMA DE AQUINO.zip was received. It was sent by VITOR ALVES CORREIA LIMA DE AQUINO from IP 192.168.1.23 at 04-10-2020 16*29*41</message>
</record>
