<?xml version="1.0" encoding="UTF-8" standalone="no"?>
<!DOCTYPE log SYSTEM "logger.dtd">
<log>
<record>
  <date>2020-09-21T10:36:46.580-0300</date>
  <logger>VITOR ALVES CORREIA LIMA DE AQUINO</logger>
  <level>FINE</level>
  <message>File 116211457-VITOR ALVES CORREIA LIMA DE AQUINO.zip was received. It was sent by VITOR ALVES CORREIA LIMA DE AQUINO from IP 192.168.1.20 at 21-09-2020 10*36*46</message>
</record>
</log>
<?xml version="1.0" encoding="UTF-8" standalone="no"?>
<!DOCTYPE log SYSTEM "logger.dtd">
<log>
<record>
  <date>2020-09-21T15:35:06.261-0300</date>
  <logger>VITOR ALVES CORREIA LIMA DE AQUINO</logger>
  <level>FINE</level>
  <message>File 116211457-VITOR ALVES CORREIA LIMA DE AQUINO.zip was received. It was sent by VITOR ALVES CORREIA LIMA DE AQUINO from IP 192.168.1.20 at 21-09-2020 15*35*06</message>
</record>
</log>
<?xml version="1.0" encoding="UTF-8" standalone="no"?>
<!DOCTYPE log SYSTEM "logger.dtd">
<log>
<record>
  <date>2020-09-21T23:56:44.180-0300</date>
  <logger>VITOR ALVES CORREIA LIMA DE AQUINO</logger>
  <level>FINE</level>
  <message>File 116211457-VITOR ALVES CORREIA LIMA DE AQUINO.zip was received. It was sent by VITOR ALVES CORREIA LIMA DE AQUINO from IP 192.168.1.20 at 21-09-2020 23*56*44</message>
</record>
</log>
<?xml version="1.0" encoding="UTF-8" standalone="no"?>
<!DOCTYPE log SYSTEM "logger.dtd">
<log>
<record>
  <date>2020-09-23T11:59:27.803-0300</date>
  <logger>VITOR ALVES CORREIA LIMA DE AQUINO</logger>
  <level>FINE</level>
  <message>File 116211457-VITOR ALVES CORREIA LIMA DE AQUINO.zip was received. It was sent by VITOR ALVES CORREIA LIMA DE AQUINO from IP 192.168.1.10 at 23-09-2020 11*59*27</message>
</record>
</log>
<?xml version="1.0" encoding="UTF-8" standalone="no"?>
<!DOCTYPE log SYSTEM "logger.dtd">
<log>
<record>
  <date>2020-09-27T15:20:35.420-0300</date>
  <logger>VITOR ALVES CORREIA LIMA DE AQUINO</logger>
  <level>FINE</level>
  <message>File 116211457-VITOR ALVES CORREIA LIMA DE AQUINO.zip was received. It was sent by VITOR ALVES CORREIA LIMA DE AQUINO from IP 192.168.1.10 at 27-09-2020 15*20*34</message>
</record>
