<?xml version="1.0" encoding="UTF-8" standalone="no"?>
<!DOCTYPE log SYSTEM "logger.dtd">
<log>
<record>
  <date>2020-11-16T18:24:53.583-0300</date>
  <logger>VITOR ALVES CORREIA LIMA DE AQUINO</logger>
  <level>FINE</level>
  <message>File 116211457-VITOR ALVES CORREIA LIMA DE AQUINO.zip was received. It was sent by VITOR ALVES CORREIA LIMA DE AQUINO from IP 192.168.1.15 at 16-11-2020 18*24*53</message>
</record>
</log>
<?xml version="1.0" encoding="UTF-8" standalone="no"?>
<!DOCTYPE log SYSTEM "logger.dtd">
<log>
<record>
  <date>2020-11-22T23:32:18.583-0300</date>
  <logger>VITOR ALVES CORREIA LIMA DE AQUINO</logger>
  <level>FINE</level>
  <message>File 116211457-VITOR ALVES CORREIA LIMA DE AQUINO.zip was received. It was sent by VITOR ALVES CORREIA LIMA DE AQUINO from IP 192.168.1.15 at 22-11-2020 23*32*18</message>
</record>
</log>
<?xml version="1.0" encoding="UTF-8" standalone="no"?>
<!DOCTYPE log SYSTEM "logger.dtd">
<log>
<record>
  <date>2020-11-22T23:48:58.052-0300</date>
  <logger>VITOR ALVES CORREIA LIMA DE AQUINO</logger>
  <level>FINE</level>
  <message>File 116211457-VITOR ALVES CORREIA LIMA DE AQUINO.zip was received. It was sent by VITOR ALVES CORREIA LIMA DE AQUINO from IP 192.168.1.15 at 22-11-2020 23*48*58</message>
</record>
</log>
<?xml version="1.0" encoding="UTF-8" standalone="no"?>
<!DOCTYPE log SYSTEM "logger.dtd">
<log>
<record>
  <date>2020-11-22T23:59:55.070-0300</date>
  <logger>VITOR ALVES CORREIA LIMA DE AQUINO</logger>
  <level>FINE</level>
  <message>File 116211457-VITOR ALVES CORREIA LIMA DE AQUINO.zip was received. It was sent by VITOR ALVES CORREIA LIMA DE AQUINO from IP 192.168.1.15 at 22-11-2020 23*59*55</message>
</record>
